<?xml version="1.0" encoding="UTF-8"?>
<!-- Generated by org.testng.reporters.JUnitXMLReporter -->
<testsuite hostname="MechanicPC" name="Default test" tests="13" failures="0" timestamp="3 Mar 2016 12:36:01 GMT" time="0.047" errors="0">
  <testcase name="testAddStart_0" time="0.0" classname="AListOps.EListTestNG"/>
  <testcase name="testAddStart_1" time="0.0" classname="AListOps.EListTestNG"/>
  <testcase name="testAddStart_2" time="0.0" classname="AListOps.EListTestNG"/>
  <testcase name="testAddStart_Many" time="0.0" classname="AListOps.EListTestNG"/>
  <testcase name="testClear_0" time="0.0" classname="AListOps.EListTestNG"/>
  <testcase name="testClear_1" time="0.0" classname="AListOps.EListTestNG"/>
  <testcase name="testClear_2" time="0.0" classname="AListOps.EListTestNG"/>
  <testcase name="testClear_Many" time="0.0" classname="AListOps.EListTestNG"/>
  <testcase name="testInit_0" time="0.0" classname="AListOps.EListTestNG"/>
  <testcase name="testInit_1" time="0.016" classname="AListOps.EListTestNG"/>
  <testcase name="testInit_2" time="0.0" classname="AListOps.EListTestNG"/>
  <testcase name="testInit_Many" time="0.0" classname="AListOps.EListTestNG"/>
  <testcase name="testInit_null" time="0.0" classname="AListOps.EListTestNG"/>
</testsuite> <!-- Default test -->
